This file contains any messages produced by compilers while
running configure, to aid debugging if configure makes a mistake.

It was created by sgx-autotools configure 1.0, which was
generated by GNU Autoconf 2.69.  Invocation command line was

  $ ./configure 

## --------- ##
## Platform. ##
## --------- ##

hostname = vmsgx20
uname -m = x86_64
uname -r = 3.10.0-693.5.2.el7.x86_64
uname -s = Linux
uname -v = #1 SMP Fri Oct 20 20:32:50 UTC 2017

/usr/bin/uname -p = x86_64
/bin/uname -X     = unknown

/bin/arch              = x86_64
/usr/bin/arch -k       = unknown
/usr/convex/getsysinfo = unknown
/usr/bin/hostinfo      = unknown
/bin/machine           = unknown
/usr/bin/oslevel       = unknown
/bin/universe          = unknown

PATH: /usr/lib64/qt-3.3/bin
PATH: /usr/local/bin
PATH: /usr/bin
PATH: /usr/local/sbin
PATH: /usr/sbin
PATH: /home/johnm/.local/bin
PATH: /home/johnm/bin


## ----------- ##
## Core tests. ##
## ----------- ##

configure:1976: checking for a BSD-compatible install
configure:2044: result: /usr/bin/install -c
configure:2055: checking whether build environment is sane
configure:2110: result: yes
configure:2261: checking for a thread-safe mkdir -p
configure:2300: result: /usr/bin/mkdir -p
configure:2307: checking for gawk
configure:2323: found /usr/bin/gawk
configure:2334: result: gawk
configure:2345: checking whether make sets $(MAKE)
configure:2367: result: yes
configure:2396: checking whether make supports nested variables
configure:2413: result: yes
configure:2546: checking for gcc
configure:2562: found /usr/bin/gcc
configure:2573: result: gcc
configure:2802: checking for C compiler version
configure:2811: gcc --version >&5
gcc (GCC) 4.8.5 20150623 (Red Hat 4.8.5-16)
Copyright (C) 2015 Free Software Foundation, Inc.
This is free software; see the source for copying conditions.  There is NO
warranty; not even for MERCHANTABILITY or FITNESS FOR A PARTICULAR PURPOSE.

configure:2822: $? = 0
configure:2811: gcc -v >&5
Using built-in specs.
COLLECT_GCC=gcc
COLLECT_LTO_WRAPPER=/usr/libexec/gcc/x86_64-redhat-linux/4.8.5/lto-wrapper
Target: x86_64-redhat-linux
Configured with: ../configure --prefix=/usr --mandir=/usr/share/man --infodir=/usr/share/info --with-bugurl=http://bugzilla.redhat.com/bugzilla --enable-bootstrap --enable-shared --enable-threads=posix --enable-checking=release --with-system-zlib --enable-__cxa_atexit --disable-libunwind-exceptions --enable-gnu-unique-object --enable-linker-build-id --with-linker-hash-style=gnu --enable-languages=c,c++,objc,obj-c++,java,fortran,ada,go,lto --enable-plugin --enable-initfini-array --disable-libgcj --with-isl=/builddir/build/BUILD/gcc-4.8.5-20150702/obj-x86_64-redhat-linux/isl-install --with-cloog=/builddir/build/BUILD/gcc-4.8.5-20150702/obj-x86_64-redhat-linux/cloog-install --enable-gnu-indirect-function --with-tune=generic --with-arch_32=x86-64 --build=x86_64-redhat-linux
Thread model: posix
gcc version 4.8.5 20150623 (Red Hat 4.8.5-16) (GCC) 
configure:2822: $? = 0
configure:2811: gcc -V >&5
gcc: error: unrecognized command line option '-V'
gcc: fatal error: no input files
compilation terminated.
configure:2822: $? = 4
configure:2811: gcc -qversion >&5
gcc: error: unrecognized command line option '-qversion'
gcc: fatal error: no input files
compilation terminated.
configure:2822: $? = 4
configure:2842: checking whether the C compiler works
configure:2864: gcc    conftest.c  >&5
configure:2868: $? = 0
configure:2916: result: yes
configure:2919: checking for C compiler default output file name
configure:2921: result: a.out
configure:2927: checking for suffix of executables
configure:2934: gcc -o conftest    conftest.c  >&5
configure:2938: $? = 0
configure:2960: result: 
configure:2982: checking whether we are cross compiling
configure:2990: gcc -o conftest    conftest.c  >&5
configure:2994: $? = 0
configure:3001: ./conftest
configure:3005: $? = 0
configure:3020: result: no
configure:3025: checking for suffix of object files
configure:3047: gcc -c   conftest.c >&5
configure:3051: $? = 0
configure:3072: result: o
configure:3076: checking whether we are using the GNU C compiler
configure:3095: gcc -c   conftest.c >&5
configure:3095: $? = 0
configure:3104: result: yes
configure:3113: checking whether gcc accepts -g
configure:3133: gcc -c -g  conftest.c >&5
configure:3133: $? = 0
configure:3174: result: yes
configure:3191: checking for gcc option to accept ISO C89
configure:3254: gcc  -c -g -O2  conftest.c >&5
configure:3254: $? = 0
configure:3267: result: none needed
configure:3298: checking for style of include used by make
configure:3326: result: GNU
configure:3352: checking dependency style of gcc
configure:3463: result: gcc3
configure:3536: checking for g++
configure:3552: found /usr/bin/g++
configure:3563: result: g++
configure:3590: checking for C++ compiler version
configure:3599: g++ --version >&5
g++ (GCC) 4.8.5 20150623 (Red Hat 4.8.5-16)
Copyright (C) 2015 Free Software Foundation, Inc.
This is free software; see the source for copying conditions.  There is NO
warranty; not even for MERCHANTABILITY or FITNESS FOR A PARTICULAR PURPOSE.

configure:3610: $? = 0
configure:3599: g++ -v >&5
Using built-in specs.
COLLECT_GCC=g++
COLLECT_LTO_WRAPPER=/usr/libexec/gcc/x86_64-redhat-linux/4.8.5/lto-wrapper
Target: x86_64-redhat-linux
Configured with: ../configure --prefix=/usr --mandir=/usr/share/man --infodir=/usr/share/info --with-bugurl=http://bugzilla.redhat.com/bugzilla --enable-bootstrap --enable-shared --enable-threads=posix --enable-checking=release --with-system-zlib --enable-__cxa_atexit --disable-libunwind-exceptions --enable-gnu-unique-object --enable-linker-build-id --with-linker-hash-style=gnu --enable-languages=c,c++,objc,obj-c++,java,fortran,ada,go,lto --enable-plugin --enable-initfini-array --disable-libgcj --with-isl=/builddir/build/BUILD/gcc-4.8.5-20150702/obj-x86_64-redhat-linux/isl-install --with-cloog=/builddir/build/BUILD/gcc-4.8.5-20150702/obj-x86_64-redhat-linux/cloog-install --enable-gnu-indirect-function --with-tune=generic --with-arch_32=x86-64 --build=x86_64-redhat-linux
Thread model: posix
gcc version 4.8.5 20150623 (Red Hat 4.8.5-16) (GCC) 
configure:3610: $? = 0
configure:3599: g++ -V >&5
g++: error: unrecognized command line option '-V'
g++: fatal error: no input files
compilation terminated.
configure:3610: $? = 4
configure:3599: g++ -qversion >&5
g++: error: unrecognized command line option '-qversion'
g++: fatal error: no input files
compilation terminated.
configure:3610: $? = 4
configure:3614: checking whether we are using the GNU C++ compiler
configure:3633: g++ -c   conftest.cpp >&5
configure:3633: $? = 0
configure:3642: result: yes
configure:3651: checking whether g++ accepts -g
configure:3671: g++ -c -g  conftest.cpp >&5
configure:3671: $? = 0
configure:3712: result: yes
configure:3737: checking dependency style of g++
configure:3848: result: gcc3
configure:3868: checking how to run the C preprocessor
configure:3899: gcc -E  conftest.c
configure:3899: $? = 0
configure:3913: gcc -E  conftest.c
conftest.c:11:28: fatal error: ac_nonexistent.h: No such file or directory
 #include <ac_nonexistent.h>
                            ^
compilation terminated.
configure:3913: $? = 1
configure: failed program was:
| /* confdefs.h */
| #define PACKAGE_NAME "sgx-autotools"
| #define PACKAGE_TARNAME "sgx-autotools"
| #define PACKAGE_VERSION "1.0"
| #define PACKAGE_STRING "sgx-autotools 1.0"
| #define PACKAGE_BUGREPORT "john.p.mechalas@intel.com"
| #define PACKAGE_URL ""
| #define PACKAGE "sgx-autotools"
| #define VERSION "1.0"
| /* end confdefs.h.  */
| #include <ac_nonexistent.h>
configure:3938: result: gcc -E
configure:3958: gcc -E  conftest.c
configure:3958: $? = 0
configure:3972: gcc -E  conftest.c
conftest.c:11:28: fatal error: ac_nonexistent.h: No such file or directory
 #include <ac_nonexistent.h>
                            ^
compilation terminated.
configure:3972: $? = 1
configure: failed program was:
| /* confdefs.h */
| #define PACKAGE_NAME "sgx-autotools"
| #define PACKAGE_TARNAME "sgx-autotools"
| #define PACKAGE_VERSION "1.0"
| #define PACKAGE_STRING "sgx-autotools 1.0"
| #define PACKAGE_BUGREPORT "john.p.mechalas@intel.com"
| #define PACKAGE_URL ""
| #define PACKAGE "sgx-autotools"
| #define VERSION "1.0"
| /* end confdefs.h.  */
| #include <ac_nonexistent.h>
configure:4001: checking whether gcc and cc understand -c and -o together
configure:4032: gcc -c conftest.c -o conftest2.o >&5
configure:4036: $? = 0
configure:4042: gcc -c conftest.c -o conftest2.o >&5
configure:4046: $? = 0
configure:4057: cc -c conftest.c >&5
configure:4061: $? = 0
configure:4069: cc -c conftest.c -o conftest2.o >&5
configure:4073: $? = 0
configure:4079: cc -c conftest.c -o conftest2.o >&5
configure:4083: $? = 0
configure:4101: result: yes
configure:4298: Found your Intel SGX SDK in /opt/intel/sgxsdk
configure:4347: enabling SGX... yes
configure:4465: checking that generated files are newer than configure
configure:4471: result: done
configure:4510: creating ./config.status

## ---------------------- ##
## Running config.status. ##
## ---------------------- ##

This file was extended by sgx-autotools config.status 1.0, which was
generated by GNU Autoconf 2.69.  Invocation command line was

  CONFIG_FILES    = 
  CONFIG_HEADERS  = 
  CONFIG_LINKS    = 
  CONFIG_COMMANDS = 
  $ ./config.status 

on vmsgx20

config.status:878: creating Makefile
config.status:878: creating EnclaveHash/Makefile
config.status:878: creating config.h
config.status:1059: config.h is unchanged
config.status:1107: executing depfiles commands

## ---------------- ##
## Cache variables. ##
## ---------------- ##

ac_cv_c_compiler_gnu=yes
ac_cv_cxx_compiler_gnu=yes
ac_cv_enable_sgx=yes
ac_cv_env_CCC_set=
ac_cv_env_CCC_value=
ac_cv_env_CC_set=
ac_cv_env_CC_value=
ac_cv_env_CFLAGS_set=
ac_cv_env_CFLAGS_value=
ac_cv_env_CPPFLAGS_set=
ac_cv_env_CPPFLAGS_value=
ac_cv_env_CPP_set=
ac_cv_env_CPP_value=
ac_cv_env_CXXFLAGS_set=
ac_cv_env_CXXFLAGS_value=
ac_cv_env_CXX_set=
ac_cv_env_CXX_value=
ac_cv_env_LDFLAGS_set=
ac_cv_env_LDFLAGS_value=
ac_cv_env_LIBS_set=
ac_cv_env_LIBS_value=
ac_cv_env_build_alias_set=
ac_cv_env_build_alias_value=
ac_cv_env_host_alias_set=
ac_cv_env_host_alias_value=
ac_cv_env_target_alias_set=
ac_cv_env_target_alias_value=
ac_cv_objext=o
ac_cv_path_install='/usr/bin/install -c'
ac_cv_path_mkdir=/usr/bin/mkdir
ac_cv_prog_AWK=gawk
ac_cv_prog_CPP='gcc -E'
ac_cv_prog_ac_ct_CC=gcc
ac_cv_prog_ac_ct_CXX=g++
ac_cv_prog_cc_c89=
ac_cv_prog_cc_g=yes
ac_cv_prog_cc_gcc_c_o=yes
ac_cv_prog_cxx_g=yes
ac_cv_prog_make_make_set=yes
am_cv_CC_dependencies_compiler_type=gcc3
am_cv_CXX_dependencies_compiler_type=gcc3
am_cv_make_support_nested_variables=yes

## ----------------- ##
## Output variables. ##
## ----------------- ##

ACLOCAL='${SHELL} /home/johnm/git/sgx-autotools-templates/samples/sgx-required/missing aclocal-1.13'
AMDEPBACKSLASH='\'
AMDEP_FALSE='#'
AMDEP_TRUE=''
AMTAR='$${TAR-tar}'
AM_BACKSLASH='\'
AM_DEFAULT_V='$(AM_DEFAULT_VERBOSITY)'
AM_DEFAULT_VERBOSITY='1'
AM_V='$(V)'
AUTOCONF='${SHELL} /home/johnm/git/sgx-autotools-templates/samples/sgx-required/missing autoconf'
AUTOHEADER='${SHELL} /home/johnm/git/sgx-autotools-templates/samples/sgx-required/missing autoheader'
AUTOMAKE='${SHELL} /home/johnm/git/sgx-autotools-templates/samples/sgx-required/missing automake-1.13'
AWK='gawk'
CC='gcc'
CCDEPMODE='depmode=gcc3'
CFLAGS='-g -O2'
CPP='gcc -E'
CPPFLAGS=''
CXX='g++'
CXXDEPMODE='depmode=gcc3'
CXXFLAGS='-g -O2'
CYGPATH_W='echo'
DEFS='-DHAVE_CONFIG_H'
DEPDIR='.deps'
ECHO_C=''
ECHO_N='-n'
ECHO_T=''
ENCLAVE_RELEASE_SIGN_FALSE=''
ENCLAVE_RELEASE_SIGN_TRUE='#'
ENCLAVE_SIGN_TARGET='signed_enclave_dev'
EXEEXT=''
INSTALL_DATA='${INSTALL} -m 644'
INSTALL_PROGRAM='${INSTALL}'
INSTALL_SCRIPT='${INSTALL}'
INSTALL_STRIP_PROGRAM='$(install_sh) -c -s'
LDFLAGS=''
LIBOBJS=''
LIBS=''
LIBS_HW_SIMU=''
LTLIBOBJS=''
MAKEINFO='${SHELL} /home/johnm/git/sgx-autotools-templates/samples/sgx-required/missing makeinfo'
MKDIR_P='/usr/bin/mkdir -p'
OBJEXT='o'
PACKAGE='sgx-autotools'
PACKAGE_BUGREPORT='john.p.mechalas@intel.com'
PACKAGE_NAME='sgx-autotools'
PACKAGE_STRING='sgx-autotools 1.0'
PACKAGE_TARNAME='sgx-autotools'
PACKAGE_URL=''
PACKAGE_VERSION='1.0'
PATH_SEPARATOR=':'
SET_MAKE=''
SGXSDK='/opt/intel/sgxsdk'
SGXSDK_BINDIR='/opt/intel/sgxsdk/bin/x64'
SGXSDK_INCDIR='/opt/intel/sgxsdk/include'
SGXSDK_LIBDIR='/opt/intel/sgxsdk/lib64'
SGXSSL='/opt/intel/sgxssl'
SGXSSL_INCDIR='/opt/intel/sgxssl/include'
SGXSSL_LIBDIR='/opt/intel/sgxssl/lib64'
SGX_DEBUG_FLAGS=''
SGX_ENABLED_FALSE='#'
SGX_ENABLED_TRUE=''
SGX_ENCLAVE_CFLAGS='-nostdinc -fvisibility=hidden -fpie -ffunction-sections -fdata-sections -fstack-protector'
SGX_ENCLAVE_CPPFLAGS='-I$(SGXSDK_INCDIR) -I$(SGXSDK_INCDIR)/tlibc'
SGX_ENCLAVE_CXXFLAGS='-nostdinc++ -fvisibility=hidden -fpie -ffunction-sections -fdata-sections -fstack-protector'
SGX_ENCLAVE_LDADD='-Wl,--no-undefined -Wl,--whole-archive -l$(SGX_TRTS_LIB) -Wl,--no-whole-archive -Wl,--start-group $(SGX_EXTRA_TLIBS) -lsgx_tstdc -lsgx_tcrypto -l$(SGX_TSERVICE_LIB) -Wl,--end-group -Wl,-Bstatic -Wl,-Bsymbolic -Wl,-pie,-eenclave_entry -Wl,--export-dynamic -Wl,--defsym,__ImageBase=0'
SGX_ENCLAVE_LDFLAGS='-nostdlib -nodefaultlibs -nostartfiles -L$(SGXSDK_LIBDIR)'
SGX_HW_SIM_FALSE=''
SGX_HW_SIM_TRUE='#'
SGX_TLIB_CFLAGS='-nostdinc -fvisibility=hidden -fpie -fstack-protector'
SGX_TLIB_CPPFLAGS='-I$(SGXSDK_INCDIR) -I$(SGXSDK_INCDIR)/tlibc'
SGX_TLIB_CXXFLAGS='-nostdinc++ -fvisibility=hidden -fpie -fstack-protector'
SGX_TRTS_LIB='sgx_trts'
SGX_TSERVICE_LIB='sgx_tservice'
SGX_UAE_SERVICE_LIB='sgx_uae_service'
SGX_URTS_LIB='sgx_urts'
SHELL='/bin/sh'
STRIP=''
VERSION='1.0'
ac_ct_CC='gcc'
ac_ct_CXX='g++'
am__EXEEXT_FALSE=''
am__EXEEXT_TRUE='#'
am__fastdepCC_FALSE='#'
am__fastdepCC_TRUE=''
am__fastdepCXX_FALSE='#'
am__fastdepCXX_TRUE=''
am__include='include'
am__isrc=''
am__leading_dot='.'
am__nodep='_no'
am__quote=''
am__tar='$${TAR-tar} chof - "$$tardir"'
am__untar='$${TAR-tar} xf -'
bindir='${exec_prefix}/bin'
build_alias=''
datadir='${datarootdir}'
datarootdir='${prefix}/share'
docdir='${datarootdir}/doc/${PACKAGE_TARNAME}'
dvidir='${docdir}'
enclave_libdir='${exec_prefix}/libexec'
exec_prefix='${prefix}'
host_alias=''
htmldir='${docdir}'
includedir='${prefix}/include'
infodir='${datarootdir}/info'
install_sh='${SHELL} /home/johnm/git/sgx-autotools-templates/samples/sgx-required/install-sh'
libdir='${exec_prefix}/lib'
libexecdir='${exec_prefix}/libexec'
localedir='${datarootdir}/locale'
localstatedir='${prefix}/var'
mandir='${datarootdir}/man'
mkdir_p='$(MKDIR_P)'
oldincludedir='/usr/include'
pdfdir='${docdir}'
prefix='/usr/local'
program_transform_name='s,x,x,'
psdir='${docdir}'
sbindir='${exec_prefix}/sbin'
sharedstatedir='${prefix}/com'
sysconfdir='${prefix}/etc'
target_alias=''

## ----------- ##
## confdefs.h. ##
## ----------- ##

/* confdefs.h */
#define PACKAGE_NAME "sgx-autotools"
#define PACKAGE_TARNAME "sgx-autotools"
#define PACKAGE_VERSION "1.0"
#define PACKAGE_STRING "sgx-autotools 1.0"
#define PACKAGE_BUGREPORT "john.p.mechalas@intel.com"
#define PACKAGE_URL ""
#define PACKAGE "sgx-autotools"
#define VERSION "1.0"
#define DEBUG 1

configure: exit 0
